{
  "RSpec": {
    "coverage": {
      "/Users/hannahfrost/Projects/Weekly_Challenge/bookmark-manager/spec/features/bookmark_managing_spec.rb": [
        1,
        1,
        1,
        1,
        1,
        null,
        1,
        null,
        null
      ],
      "/Users/hannahfrost/Projects/Weekly_Challenge/bookmark-manager/spec/features/view_bookmarks_spec.rb": [
        1,
        null,
        1,
        1,
        1,
        1,
        1,
        null,
        1,
        null,
        1,
        1,
        1,
        1,
        null,
        null
      ],
      "/Users/hannahfrost/Projects/Weekly_Challenge/bookmark-manager/spec/units/bookmark_spec.rb": [
        1,
        null,
        1,
        1,
        1,
        1,
        null,
        1,
        1,
        1,
        null,
        1,
        null,
        1,
        1,
        1,
        null,
        null,
        1,
        1,
        1,
        1,
        null,
        null,
        null
      ]
    },
    "timestamp": 1556271327
  }
}
